<?xml version="1.0" encoding="utf-8"?><TestRun id="f7f178d8-50d5-4658-b79f-b91f8f44cfc7" name="JakubVala@DESKTOP-SRUB05T 2023-08-07 17:06:54" runUser="AzureAD\JakubVala" xmlns="http://microsoft.com/schemas/VisualStudio/TeamTest/2010"><Times creation="2023-08-07T17:06:54.2161587+02:00" queuing="2023-08-07T17:06:54.2161587+02:00" start="2023-08-07T17:06:54.2161587+02:00" /><TestSettings name="default" id="7f280ad0-2601-4838-9169-57ef971a7d30"><Deployment runDeploymentRoot="JakubVala_DESKTOP-SRUB05T_2023-08-07_17_06_54" /></TestSettings><Results><UnitTestResult executionId="f14d22c9-2b95-4c98-95fc-a37ddd028ef3" testId="15169f5e-a57b-4fc2-b19b-47c9025accd7" testName="[SourceDataTests].[0].[Check if the table DIM.AIRLINES is not empty.]" computerName="DESKTOP-SRUB05T" duration="00:00:14.2403529" startTime="2023-08-07T17:06:54.2166479+02:00" endTime="2023-08-07T17:07:08.4570008+02:00" testType="13cdc9d9-ddb5-4fa4-a97d-d965ccfc6d4b" outcome="Error" testListId="52951309-fa03-4837-83ee-f46996b5a6ba" relativeResultsDirectory="f14d22c9-2b95-4c98-95fc-a37ddd028ef3"><Output><ErrorInfo><Message /><StackTrace></StackTrace></ErrorInfo></Output></UnitTestResult></Results><TestDefinitions><UnitTest name="[SourceDataTests].[0].[Check if the table DIM.AIRLINES is not empty.]" storage="C:\Users\JakubVala\source\repos\github-cat\cat-examples" id="15169f5e-a57b-4fc2-b19b-47c9025accd7"><Execution id="f14d22c9-2b95-4c98-95fc-a37ddd028ef3" /><TestMethod codeBase="C:\Users\JakubVala\source\repos\github-cat\cat-examples" adapterTypeName="executor://cat/" className="SourceDataTests" name="[SourceDataTests].[0].[Check if the table DIM.AIRLINES is not empty.]" xmlns="" /></UnitTest></TestDefinitions><TestEntries><TestEntry testId="15169f5e-a57b-4fc2-b19b-47c9025accd7" executionId="f14d22c9-2b95-4c98-95fc-a37ddd028ef3" testListId="52951309-fa03-4837-83ee-f46996b5a6ba" /></TestEntries><TestLists><TestList name="Results Not in a List" id="52951309-fa03-4837-83ee-f46996b5a6ba" /><TestList name="All Loaded Results" id="61e1330e-d347-4df2-ac9e-415948526ae1" /></TestLists><ResultSummary outcome="Failed"><Counters total="1" executed="1" passed="0" failed="0" error="1" timeout="0" aborted="0" inconclusive="0" passedButRunAborted="0" notRunnable="0" notExecuted="0" disconnected="0" warning="0" completed="0" inProgress="0" pending="0" /><Output><StdOut>Generated by CAT 0.14.5.2. Developed by Joyful Craftsmen (https://www.joyfulcraftsmen.com).</StdOut></Output></ResultSummary></TestRun>