<?xml version="1.0" encoding="utf-8"?><TestRun id="fa965cc5-fbcb-458d-ac8f-72b51601be72" name="JakubVala@DESKTOP-SRUB05T 2023-08-07 17:17:58" runUser="AzureAD\JakubVala" xmlns="http://microsoft.com/schemas/VisualStudio/TeamTest/2010"><Times creation="2023-08-07T17:17:58.7412601+02:00" queuing="2023-08-07T17:17:58.7412601+02:00" start="2023-08-07T17:17:58.7412601+02:00" /><TestSettings name="default" id="fab7cc3c-2dbc-4ab5-ac61-170706a1e162"><Deployment runDeploymentRoot="JakubVala_DESKTOP-SRUB05T_2023-08-07_17_17_58" /></TestSettings><Results><UnitTestResult executionId="db55fc61-0556-41cf-9791-db25e42b2ba7" testId="708cbcec-6ddf-46e1-a394-663f31ff5840" testName="[SourceDataTests].[0].[Check if the table DIM.AIRLINES is not empty.]" computerName="DESKTOP-SRUB05T" duration="00:00:00.3206895" startTime="2023-08-07T17:17:58.7413622+02:00" endTime="2023-08-07T17:17:59.0620517+02:00" testType="13cdc9d9-ddb5-4fa4-a97d-d965ccfc6d4b" outcome="Passed" testListId="898aef8a-a83a-417d-a503-f535b3757325" relativeResultsDirectory="db55fc61-0556-41cf-9791-db25e42b2ba7" /></Results><TestDefinitions><UnitTest name="[SourceDataTests].[0].[Check if the table DIM.AIRLINES is not empty.]" storage="C:\Users\JakubVala\source\repos\github-cat\cat-examples" id="708cbcec-6ddf-46e1-a394-663f31ff5840"><Execution id="db55fc61-0556-41cf-9791-db25e42b2ba7" /><TestMethod codeBase="C:\Users\JakubVala\source\repos\github-cat\cat-examples" adapterTypeName="executor://cat/" className="SourceDataTests" name="[SourceDataTests].[0].[Check if the table DIM.AIRLINES is not empty.]" xmlns="" /></UnitTest></TestDefinitions><TestEntries><TestEntry testId="708cbcec-6ddf-46e1-a394-663f31ff5840" executionId="db55fc61-0556-41cf-9791-db25e42b2ba7" testListId="898aef8a-a83a-417d-a503-f535b3757325" /></TestEntries><TestLists><TestList name="Results Not in a List" id="898aef8a-a83a-417d-a503-f535b3757325" /><TestList name="All Loaded Results" id="3794c814-1c95-42f8-a033-ac16c5efbaef" /></TestLists><ResultSummary outcome="Passed"><Counters total="1" executed="1" passed="1" failed="0" error="0" timeout="0" aborted="0" inconclusive="0" passedButRunAborted="0" notRunnable="0" notExecuted="0" disconnected="0" warning="0" completed="0" inProgress="0" pending="0" /><Output><StdOut>Generated by CAT 0.14.5.2. Developed by Joyful Craftsmen (https://www.joyfulcraftsmen.com).</StdOut></Output></ResultSummary></TestRun>