<?xml version="1.0" encoding="utf-8"?><TestRun id="55c428dc-11a8-456b-8dde-c37434e3ce2d" name="JakubVala@DESKTOP-SRUB05T 2023-08-07 17:07:56" runUser="AzureAD\JakubVala" xmlns="http://microsoft.com/schemas/VisualStudio/TeamTest/2010"><Times creation="2023-08-07T17:07:56.6414094+02:00" queuing="2023-08-07T17:07:56.6414094+02:00" start="2023-08-07T17:07:56.6414094+02:00" /><TestSettings name="default" id="7f66b136-59a4-4984-acaa-3988aa2451d9"><Deployment runDeploymentRoot="JakubVala_DESKTOP-SRUB05T_2023-08-07_17_07_56" /></TestSettings><Results><UnitTestResult executionId="2505566e-d369-4a0f-84c1-5a1921f09125" testId="3b9121e7-e4a0-4a03-8599-df0b91c8e8e6" testName="[SourceDataTests].[0].[Check if the table DIM.AIRLINES is not empty.]" computerName="DESKTOP-SRUB05T" duration="00:00:00.3496562" startTime="2023-08-07T17:07:56.6414558+02:00" endTime="2023-08-07T17:07:56.9911120+02:00" testType="13cdc9d9-ddb5-4fa4-a97d-d965ccfc6d4b" outcome="Error" testListId="e3fbeaec-af88-4f83-b7b5-2979f15aef9e" relativeResultsDirectory="2505566e-d369-4a0f-84c1-5a1921f09125"><Output><ErrorInfo><Message /><StackTrace></StackTrace></ErrorInfo></Output></UnitTestResult></Results><TestDefinitions><UnitTest name="[SourceDataTests].[0].[Check if the table DIM.AIRLINES is not empty.]" storage="C:\Users\JakubVala\source\repos\github-cat\cat-examples" id="3b9121e7-e4a0-4a03-8599-df0b91c8e8e6"><Execution id="2505566e-d369-4a0f-84c1-5a1921f09125" /><TestMethod codeBase="C:\Users\JakubVala\source\repos\github-cat\cat-examples" adapterTypeName="executor://cat/" className="SourceDataTests" name="[SourceDataTests].[0].[Check if the table DIM.AIRLINES is not empty.]" xmlns="" /></UnitTest></TestDefinitions><TestEntries><TestEntry testId="3b9121e7-e4a0-4a03-8599-df0b91c8e8e6" executionId="2505566e-d369-4a0f-84c1-5a1921f09125" testListId="e3fbeaec-af88-4f83-b7b5-2979f15aef9e" /></TestEntries><TestLists><TestList name="Results Not in a List" id="e3fbeaec-af88-4f83-b7b5-2979f15aef9e" /><TestList name="All Loaded Results" id="798b67d2-476c-4e63-b011-f895932c6fb1" /></TestLists><ResultSummary outcome="Failed"><Counters total="1" executed="1" passed="0" failed="0" error="1" timeout="0" aborted="0" inconclusive="0" passedButRunAborted="0" notRunnable="0" notExecuted="0" disconnected="0" warning="0" completed="0" inProgress="0" pending="0" /><Output><StdOut>Generated by CAT 0.14.5.2. Developed by Joyful Craftsmen (https://www.joyfulcraftsmen.com).</StdOut></Output></ResultSummary></TestRun>