<?xml version="1.0" encoding="utf-8"?><TestRun id="871c61a8-223c-4ebd-bb24-0286c1dfb3f1" name="JakubVala@DESKTOP-SRUB05T 2023-08-07 17:12:43" runUser="AzureAD\JakubVala" xmlns="http://microsoft.com/schemas/VisualStudio/TeamTest/2010"><Times creation="2023-08-07T17:12:43.4730527+02:00" queuing="2023-08-07T17:12:43.4730527+02:00" start="2023-08-07T17:12:43.4730527+02:00" /><TestSettings name="default" id="94a89acb-cee5-4cfb-8306-b395e22d11d7"><Deployment runDeploymentRoot="JakubVala_DESKTOP-SRUB05T_2023-08-07_17_12_43" /></TestSettings><Results><UnitTestResult executionId="8f2bfd0e-4cca-450d-a26f-b1b3d353620d" testId="4bfacf78-4a45-49df-8ae7-580eb95d0628" testName="[SourceDataTests].[0].[Check if the table DIM.AIRLINES is not empty.]" computerName="DESKTOP-SRUB05T" duration="00:00:00.4186964" startTime="2023-08-07T17:12:43.4731408+02:00" endTime="2023-08-07T17:12:43.8918372+02:00" testType="13cdc9d9-ddb5-4fa4-a97d-d965ccfc6d4b" outcome="Error" testListId="e914eaa0-e03b-4d1a-9a55-d4e361bea0c3" relativeResultsDirectory="8f2bfd0e-4cca-450d-a26f-b1b3d353620d"><Output><ErrorInfo><Message /><StackTrace></StackTrace></ErrorInfo></Output></UnitTestResult></Results><TestDefinitions><UnitTest name="[SourceDataTests].[0].[Check if the table DIM.AIRLINES is not empty.]" storage="C:\Users\JakubVala\source\repos\github-cat\cat-examples" id="4bfacf78-4a45-49df-8ae7-580eb95d0628"><Execution id="8f2bfd0e-4cca-450d-a26f-b1b3d353620d" /><TestMethod codeBase="C:\Users\JakubVala\source\repos\github-cat\cat-examples" adapterTypeName="executor://cat/" className="SourceDataTests" name="[SourceDataTests].[0].[Check if the table DIM.AIRLINES is not empty.]" xmlns="" /></UnitTest></TestDefinitions><TestEntries><TestEntry testId="4bfacf78-4a45-49df-8ae7-580eb95d0628" executionId="8f2bfd0e-4cca-450d-a26f-b1b3d353620d" testListId="e914eaa0-e03b-4d1a-9a55-d4e361bea0c3" /></TestEntries><TestLists><TestList name="Results Not in a List" id="e914eaa0-e03b-4d1a-9a55-d4e361bea0c3" /><TestList name="All Loaded Results" id="bced0985-00a9-4bb5-a3f0-378ba5cd9aa5" /></TestLists><ResultSummary outcome="Failed"><Counters total="1" executed="1" passed="0" failed="0" error="1" timeout="0" aborted="0" inconclusive="0" passedButRunAborted="0" notRunnable="0" notExecuted="0" disconnected="0" warning="0" completed="0" inProgress="0" pending="0" /><Output><StdOut>Generated by CAT 0.14.5.2. Developed by Joyful Craftsmen (https://www.joyfulcraftsmen.com).</StdOut></Output></ResultSummary></TestRun>