<?xml version="1.0" encoding="utf-8"?><TestRun id="a28170fe-1472-4378-a030-f39114c5ba80" name="JakubVala@DESKTOP-SRUB05T 2023-08-07 17:17:42" runUser="AzureAD\JakubVala" xmlns="http://microsoft.com/schemas/VisualStudio/TeamTest/2010"><Times creation="2023-08-07T17:17:42.1532539+02:00" queuing="2023-08-07T17:17:42.1532539+02:00" start="2023-08-07T17:17:42.1532539+02:00" /><TestSettings name="default" id="20d9a768-388e-4490-9302-9095e8e0b032"><Deployment runDeploymentRoot="JakubVala_DESKTOP-SRUB05T_2023-08-07_17_17_42" /></TestSettings><Results><UnitTestResult executionId="32a29200-9e86-40f4-b3a5-ca87611049fd" testId="60d4fc62-0d8e-454d-a73e-0e1864af56f0" testName="[SourceDataTests].[0].[Check if the table DIM.AIRLINES is not empty.]" computerName="DESKTOP-SRUB05T" duration="00:00:00.0069260" startTime="2023-08-07T17:17:42.1533227+02:00" endTime="2023-08-07T17:17:42.1602487+02:00" testType="13cdc9d9-ddb5-4fa4-a97d-d965ccfc6d4b" outcome="Error" testListId="0a0c1dea-e143-4eb2-bf46-7cbacc2de471" relativeResultsDirectory="32a29200-9e86-40f4-b3a5-ca87611049fd"><Output><ErrorInfo><Message /><StackTrace></StackTrace></ErrorInfo></Output></UnitTestResult></Results><TestDefinitions><UnitTest name="[SourceDataTests].[0].[Check if the table DIM.AIRLINES is not empty.]" storage="C:\Users\JakubVala\source\repos\github-cat\cat-examples" id="60d4fc62-0d8e-454d-a73e-0e1864af56f0"><Execution id="32a29200-9e86-40f4-b3a5-ca87611049fd" /><TestMethod codeBase="C:\Users\JakubVala\source\repos\github-cat\cat-examples" adapterTypeName="executor://cat/" className="SourceDataTests" name="[SourceDataTests].[0].[Check if the table DIM.AIRLINES is not empty.]" xmlns="" /></UnitTest></TestDefinitions><TestEntries><TestEntry testId="60d4fc62-0d8e-454d-a73e-0e1864af56f0" executionId="32a29200-9e86-40f4-b3a5-ca87611049fd" testListId="0a0c1dea-e143-4eb2-bf46-7cbacc2de471" /></TestEntries><TestLists><TestList name="Results Not in a List" id="0a0c1dea-e143-4eb2-bf46-7cbacc2de471" /><TestList name="All Loaded Results" id="15618fd4-bd41-425c-8af0-e169af7a9179" /></TestLists><ResultSummary outcome="Failed"><Counters total="1" executed="1" passed="0" failed="0" error="1" timeout="0" aborted="0" inconclusive="0" passedButRunAborted="0" notRunnable="0" notExecuted="0" disconnected="0" warning="0" completed="0" inProgress="0" pending="0" /><Output><StdOut>Generated by CAT 0.14.5.2. Developed by Joyful Craftsmen (https://www.joyfulcraftsmen.com).</StdOut></Output></ResultSummary></TestRun>