<?xml version="1.0" encoding="utf-8"?><TestRun id="f4595768-9840-4bd4-961c-d2231f8f9fff" name="JakubVala@DESKTOP-SRUB05T 2023-08-07 17:08:22" runUser="AzureAD\JakubVala" xmlns="http://microsoft.com/schemas/VisualStudio/TeamTest/2010"><Times creation="2023-08-07T17:08:22.9772315+02:00" queuing="2023-08-07T17:08:22.9772315+02:00" start="2023-08-07T17:08:22.9772315+02:00" /><TestSettings name="default" id="3394b5b4-c280-48bc-8247-a9c557848d6e"><Deployment runDeploymentRoot="JakubVala_DESKTOP-SRUB05T_2023-08-07_17_08_22" /></TestSettings><Results><UnitTestResult executionId="3b4bd76b-dd3e-4a70-b74e-f3c67cf3508a" testId="e723c367-c2ce-404b-ad3d-e8d884fc570f" testName="[SourceDataTests].[0].[Check if the table DIM.AIRLINES is not empty.]" computerName="DESKTOP-SRUB05T" duration="00:00:00.3624977" startTime="2023-08-07T17:08:22.9773015+02:00" endTime="2023-08-07T17:08:23.3397992+02:00" testType="13cdc9d9-ddb5-4fa4-a97d-d965ccfc6d4b" outcome="Error" testListId="b143c028-4c70-4acd-9d75-5cca229e80b7" relativeResultsDirectory="3b4bd76b-dd3e-4a70-b74e-f3c67cf3508a"><Output><ErrorInfo><Message /><StackTrace></StackTrace></ErrorInfo></Output></UnitTestResult></Results><TestDefinitions><UnitTest name="[SourceDataTests].[0].[Check if the table DIM.AIRLINES is not empty.]" storage="C:\Users\JakubVala\source\repos\github-cat\cat-examples" id="e723c367-c2ce-404b-ad3d-e8d884fc570f"><Execution id="3b4bd76b-dd3e-4a70-b74e-f3c67cf3508a" /><TestMethod codeBase="C:\Users\JakubVala\source\repos\github-cat\cat-examples" adapterTypeName="executor://cat/" className="SourceDataTests" name="[SourceDataTests].[0].[Check if the table DIM.AIRLINES is not empty.]" xmlns="" /></UnitTest></TestDefinitions><TestEntries><TestEntry testId="e723c367-c2ce-404b-ad3d-e8d884fc570f" executionId="3b4bd76b-dd3e-4a70-b74e-f3c67cf3508a" testListId="b143c028-4c70-4acd-9d75-5cca229e80b7" /></TestEntries><TestLists><TestList name="Results Not in a List" id="b143c028-4c70-4acd-9d75-5cca229e80b7" /><TestList name="All Loaded Results" id="40c4a294-926b-4fae-b776-7a3bc2345075" /></TestLists><ResultSummary outcome="Failed"><Counters total="1" executed="1" passed="0" failed="0" error="1" timeout="0" aborted="0" inconclusive="0" passedButRunAborted="0" notRunnable="0" notExecuted="0" disconnected="0" warning="0" completed="0" inProgress="0" pending="0" /><Output><StdOut>Generated by CAT 0.14.5.2. Developed by Joyful Craftsmen (https://www.joyfulcraftsmen.com).</StdOut></Output></ResultSummary></TestRun>